Determining if the pthread_create exist failed with the following output:
Change Dir: /home/seu/vrpn/catkin_ws/build/CMakeFiles/CMakeTmp

Run Build Command:"/usr/bin/make" "cmTC_74013/fast"
/usr/bin/make -f CMakeFiles/cmTC_74013.dir/build.make CMakeFiles/cmTC_74013.dir/build
make[1]: Entering directory '/home/seu/vrpn/catkin_ws/build/CMakeFiles/CMakeTmp'
Building C object CMakeFiles/cmTC_74013.dir/CheckSymbolExists.c.o
/usr/bin/cc     -o CMakeFiles/cmTC_74013.dir/CheckSymbolExists.c.o   -c /home/seu/vrpn/catkin_ws/build/CMakeFiles/CMakeTmp/CheckSymbolExists.c
Linking C executable cmTC_74013
/usr/bin/cmake -E cmake_link_script CMakeFiles/cmTC_74013.dir/link.txt --verbose=1
/usr/bin/cc       CMakeFiles/cmTC_74013.dir/CheckSymbolExists.c.o  -o cmTC_74013 -rdynamic 
CMakeFiles/cmTC_74013.dir/CheckSymbolExists.c.o: In function `main':
CheckSymbolExists.c:(.text+0x16): undefined reference to `pthread_create'
collect2: error: ld returned 1 exit status
CMakeFiles/cmTC_74013.dir/build.make:97: recipe for target 'cmTC_74013' failed
make[1]: *** [cmTC_74013] Error 1
make[1]: Leaving directory '/home/seu/vrpn/catkin_ws/build/CMakeFiles/CMakeTmp'
Makefile:126: recipe for target 'cmTC_74013/fast' failed
make: *** [cmTC_74013/fast] Error 2

File /home/seu/vrpn/catkin_ws/build/CMakeFiles/CMakeTmp/CheckSymbolExists.c:
/* */
#include <pthread.h>

int main(int argc, char** argv)
{
  (void)argv;
#ifndef pthread_create
  return ((int*)(&pthread_create))[argc];
#else
  (void)argc;
  return 0;
#endif
}

Determining if the function pthread_create exists in the pthreads failed with the following output:
Change Dir: /home/seu/vrpn/catkin_ws/build/CMakeFiles/CMakeTmp

Run Build Command:"/usr/bin/make" "cmTC_273a9/fast"
/usr/bin/make -f CMakeFiles/cmTC_273a9.dir/build.make CMakeFiles/cmTC_273a9.dir/build
make[1]: Entering directory '/home/seu/vrpn/catkin_ws/build/CMakeFiles/CMakeTmp'
Building C object CMakeFiles/cmTC_273a9.dir/CheckFunctionExists.c.o
/usr/bin/cc    -DCHECK_FUNCTION_EXISTS=pthread_create   -o CMakeFiles/cmTC_273a9.dir/CheckFunctionExists.c.o   -c /usr/share/cmake-3.5/Modules/CheckFunctionExists.c
Linking C executable cmTC_273a9
/usr/bin/cmake -E cmake_link_script CMakeFiles/cmTC_273a9.dir/link.txt --verbose=1
/usr/bin/cc   -DCHECK_FUNCTION_EXISTS=pthread_create    CMakeFiles/cmTC_273a9.dir/CheckFunctionExists.c.o  -o cmTC_273a9 -rdynamic -lpthreads 
/usr/bin/ld: cannot find -lpthreads
collect2: error: ld returned 1 exit status
CMakeFiles/cmTC_273a9.dir/build.make:97: recipe for target 'cmTC_273a9' failed
make[1]: *** [cmTC_273a9] Error 1
make[1]: Leaving directory '/home/seu/vrpn/catkin_ws/build/CMakeFiles/CMakeTmp'
Makefile:126: recipe for target 'cmTC_273a9/fast' failed
make: *** [cmTC_273a9/fast] Error 2


